<?xml version="1.0" encoding="UTF-8"?>
<testsuite name="sunsetup.CollectionsToolsTest" tests="1" skipped="0" failures="0" errors="0" timestamp="2019-08-31T07:02:33" hostname="DESKTOP-APNQA80" time="0.005">
  <properties/>
  <testcase name="testGetDefaultNames" classname="sunsetup.CollectionsToolsTest" time="0.005"/>
  <system-out><![CDATA[]]></system-out>
  <system-err><![CDATA[]]></system-err>
</testsuite>
